{
  "RSpec": {
    "coverage": {
      "/home/jesusda91/workspace/pruebas-trabajo/mercately/shop_rails/app/helpers/application_helper.rb": {
        "lines": [
          1,
          null
        ]
      },
      "/home/jesusda91/workspace/pruebas-trabajo/mercately/shop_rails/app/helpers/orders_helper.rb": {
        "lines": [
          1,
          1,
          3,
          3,
          8,
          null,
          null,
          null
        ]
      },
      "/home/jesusda91/workspace/pruebas-trabajo/mercately/shop_rails/app/helpers/products_helper.rb": {
        "lines": [
          1,
          1,
          27,
          null,
          12,
          null,
          null,
          1,
          11,
          null,
          null
        ]
      },
      "/home/jesusda91/workspace/pruebas-trabajo/mercately/shop_rails/app/controllers/products_controller.rb": {
        "lines": [
          1,
          1,
          1,
          null,
          1,
          7,
          null,
          null,
          1,
          7,
          7,
          null,
          null,
          1,
          4,
          4,
          null,
          null,
          1,
          null,
          1,
          13,
          null,
          null,
          1,
          7,
          null,
          null
        ]
      },
      "/home/jesusda91/workspace/pruebas-trabajo/mercately/shop_rails/app/controllers/application_controller.rb": {
        "lines": [
          1,
          1,
          null,
          1,
          9,
          null,
          null,
          1,
          12,
          null,
          null
        ]
      },
      "/home/jesusda91/workspace/pruebas-trabajo/mercately/shop_rails/app/models/order_item.rb": {
        "lines": [
          1,
          1,
          1,
          null,
          1,
          null,
          1,
          2,
          null,
          null
        ]
      },
      "/home/jesusda91/workspace/pruebas-trabajo/mercately/shop_rails/app/models/application_record.rb": {
        "lines": [
          1,
          1,
          null
        ]
      },
      "/home/jesusda91/workspace/pruebas-trabajo/mercately/shop_rails/app/models/order.rb": {
        "lines": [
          1,
          1,
          1,
          null,
          1,
          1,
          null,
          null
        ]
      },
      "/home/jesusda91/workspace/pruebas-trabajo/mercately/shop_rails/app/models/product.rb": {
        "lines": [
          1,
          1,
          1,
          null,
          1,
          1,
          null
        ]
      },
      "/home/jesusda91/workspace/pruebas-trabajo/mercately/shop_rails/app/services/cart_service.rb": {
        "lines": [
          1,
          1,
          12,
          null,
          null,
          1,
          7,
          7,
          null,
          null,
          1,
          4,
          null,
          null,
          1,
          1,
          null,
          null,
          1,
          null
        ]
      },
      "/home/jesusda91/workspace/pruebas-trabajo/mercately/shop_rails/app/controllers/orders_controller.rb": {
        "lines": [
          1,
          1,
          null,
          1,
          null,
          1,
          1,
          1,
          1,
          null,
          null,
          1,
          1,
          1,
          1,
          1,
          null,
          null,
          0,
          null,
          null,
          1,
          null,
          1,
          0,
          null,
          null,
          1,
          0,
          0,
          null,
          null,
          1,
          null,
          1,
          1,
          null,
          null,
          1,
          1,
          null,
          null
        ]
      },
      "/home/jesusda91/workspace/pruebas-trabajo/mercately/shop_rails/app/services/order_service.rb": {
        "lines": [
          1,
          1,
          1,
          1,
          null,
          null,
          1,
          1,
          1,
          1,
          2,
          null,
          1,
          1,
          null,
          null,
          1,
          0,
          null,
          null,
          1,
          0,
          0,
          null,
          null,
          1,
          null
        ]
      },
      "/home/jesusda91/workspace/pruebas-trabajo/mercately/shop_rails/app/jobs/application_job.rb": {
        "lines": [
          0,
          null,
          null,
          null,
          null,
          null,
          0
        ],
        "branches": {
        }
      },
      "/home/jesusda91/workspace/pruebas-trabajo/mercately/shop_rails/app/mailers/application_mailer.rb": {
        "lines": [
          0,
          0,
          0,
          0
        ],
        "branches": {
        }
      },
      "/home/jesusda91/workspace/pruebas-trabajo/mercately/shop_rails/app/repositories/ar_commands_repository.rb": {
        "lines": [

        ],
        "branches": {
        }
      }
    },
    "timestamp": 1715881122
  }
}
